<?xml version="1.0" encoding="UTF-8"?>
<testsuite xmlns:xsi="http://www.w3.org/2001/XMLSchema-instance" xsi:noNamespaceSchemaLocation="https://maven.apache.org/surefire/maven-surefire-plugin/xsd/surefire-test-report-3.0.xsd" version="3.0" name="TestPackage.TestClass" time="6.364" tests="1" errors="0" skipped="0" failures="0">
  <properties>
[...]
</properties>
  <testcase name="testMethod" classname="TestPackage.TestClass" time="3.925">
    <system-out><![CDATA[[ReportManager] Folder [extent-reports] was not found, it may have already been deleted. @03-11-2021 17:46:12.0811 PM

################################################################################################################################################
Detected SHAFT Engine Version: [SHAFT Engine v5.3.20210902]
################################################################################################################################################

################################################################################################################################################
Starting Execution:	[1 out of 1] test cases in the current suite
Test Method:		[TestPackage.TestClass.testMethod]
################################################################################################################################################
[ReportManager] Successfully created attachment [SHAFT Engine Logs - Current Method log: testMethod] @03-11-2021 17:46:17.0344 PM
]]></system-out>
    <system-err><![CDATA[[main] INFO com.shaft.tools.io.ReportManagerHelper - [ReportManager] File Action [DoesFileExist] successfully performed. With the following test data [File Path: "src/test/resources/Properties/internal.properties"]. @03-11-2021 17:46:12.0469 PM
[main] INFO com.shaft.tools.io.ReportManagerHelper - [ReportManager] Reading properties directory: src/test/resources/Properties @03-11-2021 17:46:12.0472 PM
[main] INFO com.shaft.tools.io.ReportManagerHelper - [ReportManager] File Action [DoesFileExist] successfully performed. With the following test data [File Path: "src/test/resources/Properties"]. @03-11-2021 17:46:12.0473 PM
[main] INFO com.shaft.tools.io.ReportManagerHelper - [ReportManager] The desired propertiesFolderPath directory doesn't exist. [src/test/resources/Properties] @03-11-2021 17:46:12.0473 PM
[main] INFO com.shaft.tools.io.ReportManagerHelper - [ReportManager] Reading properties directory: file:/C:/Users/Baianater%202/.m2/repository/io/github/mohabmohie/SHAFT_ENGINE/5.3.20210930/SHAFT_ENGINE-5.3.20210930.jar!/resources/defaultProperties/ @03-11-2021 17:46:12.0473 PM
[main] INFO com.shaft.tools.io.ReportManagerHelper - [ReportManager] File Action [UnpackArchive] successfully performed. With the following test data [Target File"E:\Testing\Automest\target\arc3578353112112422255.zip" | Destination Folder: "target"]. @03-11-2021 17:46:12.0533 PM
[main] INFO com.shaft.tools.io.ReportManagerHelper - [ReportManager] File Action [DeleteFile] successfully performed. With the following test data [Target File Path: "E:\Testing\Automest\target\arc3578353112112422255.zip"]. @03-11-2021 17:46:12.0543 PM
[main] INFO com.shaft.tools.io.ReportManagerHelper - [ReportManager] File Action [UnpackArchive] successfully performed. With the following test data [Target URL"file:/C:/Users/Baianater%202/.m2/repository/io/github/mohabmohie/SHAFT_ENGINE/5.3.20210930/SHAFT_ENGINE-5.3.20210930.jar" | Destination Folder: "target/"]. @03-11-2021 17:46:12.0544 PM
[main] INFO com.shaft.tools.io.ReportManagerHelper - [ReportManager] File Action [DoesFileExist] successfully performed. With the following test data [File Path: "target/resources/defaultProperties/"]. @03-11-2021 17:46:12.0544 PM
[main] INFO com.shaft.tools.io.ReportManagerHelper - [ReportManager] Loading properties file: target\resources\defaultProperties\cucumber.properties @03-11-2021 17:46:12.0553 PM
[main] INFO com.shaft.tools.io.ReportManagerHelper - [ReportManager] Loading properties file: target\resources\defaultProperties\ExecutionPlatform.properties @03-11-2021 17:46:12.0561 PM
[main] INFO com.shaft.tools.io.ReportManagerHelper - [ReportManager] Loading properties file: target\resources\defaultProperties\internal.properties @03-11-2021 17:46:12.0566 PM
[main] INFO com.shaft.tools.io.ReportManagerHelper - [ReportManager] Loading properties file: target\resources\defaultProperties\MobileCapabilities.properties @03-11-2021 17:46:12.0571 PM
[main] INFO com.shaft.tools.io.ReportManagerHelper - [ReportManager] Loading properties file: target\resources\defaultProperties\path.properties @03-11-2021 17:46:12.0575 PM
[main] INFO com.shaft.tools.io.ReportManagerHelper - [ReportManager] Loading properties file: target\resources\defaultProperties\pattern.properties @03-11-2021 17:46:12.0579 PM
[main] INFO com.shaft.tools.io.ReportManagerHelper - [ReportManager] Loading properties file: target\resources\defaultProperties\PlatformFlags.properties @03-11-2021 17:46:12.0583 PM
[main] INFO com.shaft.tools.io.ReportManagerHelper - [ReportManager] Loading properties file: target\resources\defaultProperties\Reporting.properties @03-11-2021 17:46:12.0587 PM
[main] INFO com.shaft.tools.io.ReportManagerHelper - [ReportManager] Loading properties file: target\resources\defaultProperties\testNG.properties @03-11-2021 17:46:12.0591 PM
[main] INFO com.shaft.tools.io.ReportManagerHelper - [ReportManager] Loading properties file: target\resources\defaultProperties\Timeouts.properties @03-11-2021 17:46:12.0595 PM
[main] INFO com.shaft.tools.io.ReportManagerHelper - [ReportManager] Loading properties file: target\resources\defaultProperties\video.properties @03-11-2021 17:46:12.0599 PM
[main] INFO com.shaft.tools.io.ReportManagerHelper - [ReportManager] Loading properties file: target\resources\defaultProperties\VisualValidations.properties @03-11-2021 17:46:12.0605 PM
[main] INFO com.shaft.tools.io.ReportManagerHelper - [ReportManager] File Action [DoesFileExist] successfully performed. With the following test data [File Path: "src/test/resources/Properties/ExecutionPlatform.properties"]. @03-11-2021 17:46:12.0762 PM
[main] INFO com.shaft.tools.io.ReportManagerHelper - [ReportManager] File Action [CreateFolder] successfully performed. With the following test data [Target Folder: "src/test/resources/Properties/"]. @03-11-2021 17:46:12.0763 PM
[main] INFO com.shaft.tools.io.ReportManagerHelper - [ReportManager] File Action [CreateFolder] successfully performed. With the following test data [Target Folder: "src/test/resources/TestDataFiles/"]. @03-11-2021 17:46:12.0764 PM
[main] INFO com.shaft.tools.io.ReportManagerHelper - [ReportManager] File Action [CreateFolder] successfully performed. With the following test data [Target Folder: "src/test/resources/TestSuites/"]. @03-11-2021 17:46:12.0764 PM
[main] INFO com.shaft.tools.io.ReportManagerHelper - [ReportManager] File Action [CreateFolder] successfully performed. With the following test data [Target Folder: "src/test/resources/TestJsonFiles/"]. @03-11-2021 17:46:12.0764 PM
[main] ERROR io.qameta.allure.AllureLifecycle - Could not start step: no test case running
[main] ERROR io.qameta.allure.AllureLifecycle - Could not update step: no step running
[main] ERROR io.qameta.allure.AllureLifecycle - Could not stop step: no step running
[main] INFO com.shaft.tools.io.ReportManagerHelper - [ReportManager] Preparing Allure Reporting Environment... @03-11-2021 17:46:13.0320 PM
[main] INFO com.shaft.tools.io.ReportManagerHelper - [ReportManager] File Action [DeleteFolder] successfully performed. With the following test data [Target Folder: "allure-results"]. @03-11-2021 17:46:13.0326 PM
[main] INFO com.shaft.tools.io.ReportManagerHelper - [ReportManager] File Action [DoesFileExist] successfully performed. With the following test data [File Path: "C:\Users\Baianater 2\.m2\repository\allure\allure-2.15.0\bin\allure"]. @03-11-2021 17:46:13.0329 PM
[main] INFO com.shaft.tools.io.ReportManagerHelper - [ReportManager] File Action [GetAbsolutePath] successfully performed. With the following test data [Relative File Path: "generate_allure_report.bat"]. @03-11-2021 17:46:13.0330 PM
[main] INFO com.shaft.tools.io.ReportManagerHelper - [ReportManager] File Action [WriteToFile] successfully performed. With the following test data [Target File Path: "E:\Testing\Automest\generate_allure_report.bat"]. @03-11-2021 17:46:13.0335 PM
[main] INFO com.shaft.tools.io.ReportManagerHelper - [ReportManager] File Action [GetAbsolutePath] successfully performed. With the following test data [Relative File Path: "allure-results/environment.xml"]. @03-11-2021 17:46:13.0413 PM
[main] INFO com.shaft.tools.io.ReportManagerHelper - [ReportManager] File Action [WriteToFile] successfully performed. With the following test data [Target File Path: "E:\Testing\Automest\allure-results\environment.xml"]. @03-11-2021 17:46:13.0419 PM
[main] INFO io.github.bonigarcia.wdm.WebDriverManager - Using chromedriver 95.0.4638.54 (resolved driver for Chrome 95)
[main] INFO io.github.bonigarcia.wdm.WebDriverManager - Exporting webdriver.chrome.driver as C:\Users\Baianater 2\.cache\selenium\chromedriver\win32\95.0.4638.54\chromedriver.exe
Starting ChromeDriver 95.0.4638.54 (d31a821ec901f68d0d34ccdbaea45b4c86ce543e-refs/branch-heads/4638@{#871}) on port 14319
Only local connections are allowed.
Please see https://chromedriver.chromium.org/security-considerations for suggestions on keeping ChromeDriver safe.
ChromeDriver was started successfully.
Nov 03, 2021 5:46:15 PM org.openqa.selenium.remote.ProtocolHandshake createSession
INFO: Detected dialect: W3C
]]></system-err>
  </testcase>
</testsuite>